  main.cpp
c:\users\pamela\source\repos\cgeihc-proyecto_final-psf\window.h(12): warning C4244: 'return': conversión de 'GLint' a 'GLfloat'; posible pérdida de datos
c:\users\pamela\source\repos\cgeihc-proyecto_final-psf\window.h(13): warning C4244: 'return': conversión de 'GLint' a 'GLfloat'; posible pérdida de datos
c:\users\pamela\source\repos\cgeihc-proyecto_final-psf\main.cpp(357): warning C4244: 'argumento': conversión de 'int' a 'T'; posible pérdida de datos
          with
          [
              T=irrklang::ik_f32
          ]
c:\users\pamela\source\repos\cgeihc-proyecto_final-psf\main.cpp(383): warning C4244: 'argumento': conversión de 'int' a 'T'; posible pérdida de datos
          with
          [
              T=irrklang::ik_f32
          ]
c:\users\pamela\source\repos\cgeihc-proyecto_final-psf\main.cpp(407): warning C4244: 'argumento': conversión de 'int' a 'T'; posible pérdida de datos
          with
          [
              T=irrklang::ik_f32
          ]
c:\users\pamela\source\repos\cgeihc-proyecto_final-psf\main.cpp(427): warning C4244: 'argumento': conversión de 'int' a 'T'; posible pérdida de datos
          with
          [
              T=irrklang::ik_f32
          ]
c:\users\pamela\source\repos\cgeihc-proyecto_final-psf\main.cpp(529): warning C4305: 'inicializando': truncamiento de 'double' a 'float'
c:\users\pamela\source\repos\cgeihc-proyecto_final-psf\main.cpp(625): warning C4305: 'inicializando': truncamiento de 'double' a 'float'
c:\users\pamela\source\repos\cgeihc-proyecto_final-psf\main.cpp(697): warning C4305: 'argumento': truncamiento de 'double' a 'float'
c:\users\pamela\source\repos\cgeihc-proyecto_final-psf\main.cpp(698): warning C4305: 'argumento': truncamiento de 'double' a 'float'
c:\users\pamela\source\repos\cgeihc-proyecto_final-psf\main.cpp(699): warning C4305: 'argumento': truncamiento de 'double' a 'float'
c:\users\pamela\source\repos\cgeihc-proyecto_final-psf\main.cpp(700): warning C4305: 'argumento': truncamiento de 'double' a 'float'
c:\users\pamela\source\repos\cgeihc-proyecto_final-psf\main.cpp(701): warning C4305: 'argumento': truncamiento de 'double' a 'float'
c:\users\pamela\source\repos\cgeihc-proyecto_final-psf\main.cpp(702): warning C4305: 'argumento': truncamiento de 'double' a 'float'
c:\users\pamela\source\repos\cgeihc-proyecto_final-psf\main.cpp(703): warning C4305: 'argumento': truncamiento de 'double' a 'float'
c:\users\pamela\source\repos\cgeihc-proyecto_final-psf\main.cpp(704): warning C4305: 'argumento': truncamiento de 'double' a 'float'
c:\users\pamela\source\repos\cgeihc-proyecto_final-psf\main.cpp(705): warning C4305: 'argumento': truncamiento de 'double' a 'float'
c:\users\pamela\source\repos\cgeihc-proyecto_final-psf\main.cpp(706): warning C4305: 'argumento': truncamiento de 'double' a 'float'
c:\users\pamela\source\repos\cgeihc-proyecto_final-psf\main.cpp(707): warning C4305: 'argumento': truncamiento de 'double' a 'float'
c:\users\pamela\source\repos\cgeihc-proyecto_final-psf\main.cpp(708): warning C4305: 'argumento': truncamiento de 'double' a 'float'
c:\users\pamela\source\repos\cgeihc-proyecto_final-psf\main.cpp(710): warning C4305: 'argumento': truncamiento de 'double' a 'float'
c:\users\pamela\source\repos\cgeihc-proyecto_final-psf\main.cpp(711): warning C4305: 'argumento': truncamiento de 'double' a 'float'
c:\users\pamela\source\repos\cgeihc-proyecto_final-psf\main.cpp(712): warning C4305: 'argumento': truncamiento de 'double' a 'float'
c:\users\pamela\source\repos\cgeihc-proyecto_final-psf\main.cpp(713): warning C4305: 'argumento': truncamiento de 'double' a 'float'
c:\users\pamela\source\repos\cgeihc-proyecto_final-psf\main.cpp(714): warning C4305: 'argumento': truncamiento de 'double' a 'float'
c:\users\pamela\source\repos\cgeihc-proyecto_final-psf\main.cpp(715): warning C4305: 'argumento': truncamiento de 'double' a 'float'
c:\users\pamela\source\repos\cgeihc-proyecto_final-psf\main.cpp(716): warning C4305: 'argumento': truncamiento de 'double' a 'float'
c:\users\pamela\source\repos\cgeihc-proyecto_final-psf\main.cpp(717): warning C4305: 'argumento': truncamiento de 'double' a 'float'
c:\users\pamela\source\repos\cgeihc-proyecto_final-psf\main.cpp(718): warning C4305: 'argumento': truncamiento de 'double' a 'float'
c:\users\pamela\source\repos\cgeihc-proyecto_final-psf\main.cpp(719): warning C4305: 'argumento': truncamiento de 'double' a 'float'
c:\users\pamela\source\repos\cgeihc-proyecto_final-psf\main.cpp(720): warning C4305: 'argumento': truncamiento de 'double' a 'float'
c:\users\pamela\source\repos\cgeihc-proyecto_final-psf\main.cpp(721): warning C4305: 'argumento': truncamiento de 'double' a 'float'
c:\users\pamela\source\repos\cgeihc-proyecto_final-psf\main.cpp(723): warning C4305: 'argumento': truncamiento de 'double' a 'float'
c:\users\pamela\source\repos\cgeihc-proyecto_final-psf\main.cpp(723): warning C4244: 'argumento': conversión de 'double' a 'float'; posible pérdida de datos
c:\users\pamela\source\repos\cgeihc-proyecto_final-psf\main.cpp(724): warning C4305: 'argumento': truncamiento de 'double' a 'float'
c:\users\pamela\source\repos\cgeihc-proyecto_final-psf\main.cpp(724): warning C4244: 'argumento': conversión de 'double' a 'float'; posible pérdida de datos
c:\users\pamela\source\repos\cgeihc-proyecto_final-psf\main.cpp(725): warning C4305: 'argumento': truncamiento de 'double' a 'float'
c:\users\pamela\source\repos\cgeihc-proyecto_final-psf\main.cpp(725): warning C4244: 'argumento': conversión de 'double' a 'float'; posible pérdida de datos
c:\users\pamela\source\repos\cgeihc-proyecto_final-psf\main.cpp(726): warning C4305: 'argumento': truncamiento de 'double' a 'float'
c:\users\pamela\source\repos\cgeihc-proyecto_final-psf\main.cpp(726): warning C4244: 'argumento': conversión de 'double' a 'float'; posible pérdida de datos
c:\users\pamela\source\repos\cgeihc-proyecto_final-psf\main.cpp(727): warning C4305: 'argumento': truncamiento de 'double' a 'float'
c:\users\pamela\source\repos\cgeihc-proyecto_final-psf\main.cpp(727): warning C4244: 'argumento': conversión de 'double' a 'float'; posible pérdida de datos
c:\users\pamela\source\repos\cgeihc-proyecto_final-psf\main.cpp(728): warning C4305: 'argumento': truncamiento de 'double' a 'float'
c:\users\pamela\source\repos\cgeihc-proyecto_final-psf\main.cpp(728): warning C4244: 'argumento': conversión de 'double' a 'float'; posible pérdida de datos
c:\users\pamela\source\repos\cgeihc-proyecto_final-psf\main.cpp(730): warning C4305: 'argumento': truncamiento de 'double' a 'float'
c:\users\pamela\source\repos\cgeihc-proyecto_final-psf\main.cpp(730): warning C4244: 'argumento': conversión de 'double' a 'float'; posible pérdida de datos
c:\users\pamela\source\repos\cgeihc-proyecto_final-psf\main.cpp(731): warning C4305: 'argumento': truncamiento de 'double' a 'float'
c:\users\pamela\source\repos\cgeihc-proyecto_final-psf\main.cpp(731): warning C4244: 'argumento': conversión de 'double' a 'float'; posible pérdida de datos
c:\users\pamela\source\repos\cgeihc-proyecto_final-psf\main.cpp(732): warning C4305: 'argumento': truncamiento de 'double' a 'float'
c:\users\pamela\source\repos\cgeihc-proyecto_final-psf\main.cpp(732): warning C4244: 'argumento': conversión de 'double' a 'float'; posible pérdida de datos
c:\users\pamela\source\repos\cgeihc-proyecto_final-psf\main.cpp(733): warning C4305: 'argumento': truncamiento de 'double' a 'float'
c:\users\pamela\source\repos\cgeihc-proyecto_final-psf\main.cpp(733): warning C4244: 'argumento': conversión de 'double' a 'float'; posible pérdida de datos
c:\users\pamela\source\repos\cgeihc-proyecto_final-psf\main.cpp(734): warning C4305: 'argumento': truncamiento de 'double' a 'float'
c:\users\pamela\source\repos\cgeihc-proyecto_final-psf\main.cpp(734): warning C4244: 'argumento': conversión de 'double' a 'float'; posible pérdida de datos
c:\users\pamela\source\repos\cgeihc-proyecto_final-psf\main.cpp(735): warning C4305: 'argumento': truncamiento de 'double' a 'float'
c:\users\pamela\source\repos\cgeihc-proyecto_final-psf\main.cpp(735): warning C4244: 'argumento': conversión de 'double' a 'float'; posible pérdida de datos
c:\users\pamela\source\repos\cgeihc-proyecto_final-psf\main.cpp(738): warning C4305: 'argumento': truncamiento de 'double' a 'float'
c:\users\pamela\source\repos\cgeihc-proyecto_final-psf\main.cpp(738): warning C4244: 'argumento': conversión de 'double' a 'float'; posible pérdida de datos
c:\users\pamela\source\repos\cgeihc-proyecto_final-psf\main.cpp(739): warning C4305: 'argumento': truncamiento de 'double' a 'float'
c:\users\pamela\source\repos\cgeihc-proyecto_final-psf\main.cpp(739): warning C4244: 'argumento': conversión de 'double' a 'float'; posible pérdida de datos
c:\users\pamela\source\repos\cgeihc-proyecto_final-psf\main.cpp(740): warning C4305: 'argumento': truncamiento de 'double' a 'float'
c:\users\pamela\source\repos\cgeihc-proyecto_final-psf\main.cpp(740): warning C4244: 'argumento': conversión de 'double' a 'float'; posible pérdida de datos
c:\users\pamela\source\repos\cgeihc-proyecto_final-psf\main.cpp(741): warning C4305: 'argumento': truncamiento de 'double' a 'float'
c:\users\pamela\source\repos\cgeihc-proyecto_final-psf\main.cpp(741): warning C4244: 'argumento': conversión de 'double' a 'float'; posible pérdida de datos
c:\users\pamela\source\repos\cgeihc-proyecto_final-psf\main.cpp(742): warning C4305: 'argumento': truncamiento de 'double' a 'float'
c:\users\pamela\source\repos\cgeihc-proyecto_final-psf\main.cpp(742): warning C4244: 'argumento': conversión de 'double' a 'float'; posible pérdida de datos
c:\users\pamela\source\repos\cgeihc-proyecto_final-psf\main.cpp(743): warning C4305: 'argumento': truncamiento de 'double' a 'float'
c:\users\pamela\source\repos\cgeihc-proyecto_final-psf\main.cpp(743): warning C4244: 'argumento': conversión de 'double' a 'float'; posible pérdida de datos
c:\users\pamela\source\repos\cgeihc-proyecto_final-psf\main.cpp(744): warning C4305: 'argumento': truncamiento de 'double' a 'float'
c:\users\pamela\source\repos\cgeihc-proyecto_final-psf\main.cpp(744): warning C4244: 'argumento': conversión de 'double' a 'float'; posible pérdida de datos
c:\users\pamela\source\repos\cgeihc-proyecto_final-psf\main.cpp(745): warning C4305: 'argumento': truncamiento de 'double' a 'float'
c:\users\pamela\source\repos\cgeihc-proyecto_final-psf\main.cpp(745): warning C4244: 'argumento': conversión de 'double' a 'float'; posible pérdida de datos
c:\users\pamela\source\repos\cgeihc-proyecto_final-psf\main.cpp(746): warning C4305: 'argumento': truncamiento de 'double' a 'float'
c:\users\pamela\source\repos\cgeihc-proyecto_final-psf\main.cpp(746): warning C4244: 'argumento': conversión de 'double' a 'float'; posible pérdida de datos
c:\users\pamela\source\repos\cgeihc-proyecto_final-psf\main.cpp(747): warning C4305: 'argumento': truncamiento de 'double' a 'float'
c:\users\pamela\source\repos\cgeihc-proyecto_final-psf\main.cpp(747): warning C4244: 'argumento': conversión de 'double' a 'float'; posible pérdida de datos
c:\users\pamela\source\repos\cgeihc-proyecto_final-psf\main.cpp(748): warning C4305: 'argumento': truncamiento de 'double' a 'float'
c:\users\pamela\source\repos\cgeihc-proyecto_final-psf\main.cpp(748): warning C4244: 'argumento': conversión de 'double' a 'float'; posible pérdida de datos
c:\users\pamela\source\repos\cgeihc-proyecto_final-psf\main.cpp(749): warning C4305: 'argumento': truncamiento de 'double' a 'float'
c:\users\pamela\source\repos\cgeihc-proyecto_final-psf\main.cpp(749): warning C4244: 'argumento': conversión de 'double' a 'float'; posible pérdida de datos
c:\users\pamela\source\repos\cgeihc-proyecto_final-psf\main.cpp(785): warning C4305: 'argumento': truncamiento de 'double' a 'float'
c:\users\pamela\source\repos\cgeihc-proyecto_final-psf\main.cpp(786): warning C4305: 'argumento': truncamiento de 'double' a 'float'
c:\users\pamela\source\repos\cgeihc-proyecto_final-psf\main.cpp(787): warning C4305: 'argumento': truncamiento de 'double' a 'float'
c:\users\pamela\source\repos\cgeihc-proyecto_final-psf\main.cpp(788): warning C4305: 'argumento': truncamiento de 'double' a 'float'
c:\users\pamela\source\repos\cgeihc-proyecto_final-psf\main.cpp(791): warning C4305: 'inicializando': truncamiento de 'double' a 'float'
c:\users\pamela\source\repos\cgeihc-proyecto_final-psf\main.cpp(800): warning C4305: 'argumento': truncamiento de 'double' a 'float'
c:\users\pamela\source\repos\cgeihc-proyecto_final-psf\main.cpp(800): warning C4244: 'argumento': conversión de 'double' a 'float'; posible pérdida de datos
c:\users\pamela\source\repos\cgeihc-proyecto_final-psf\main.cpp(801): warning C4305: 'argumento': truncamiento de 'double' a 'float'
c:\users\pamela\source\repos\cgeihc-proyecto_final-psf\main.cpp(801): warning C4244: 'argumento': conversión de 'double' a 'float'; posible pérdida de datos
c:\users\pamela\source\repos\cgeihc-proyecto_final-psf\main.cpp(802): warning C4305: 'argumento': truncamiento de 'double' a 'float'
c:\users\pamela\source\repos\cgeihc-proyecto_final-psf\main.cpp(802): warning C4244: 'argumento': conversión de 'double' a 'float'; posible pérdida de datos
c:\users\pamela\source\repos\cgeihc-proyecto_final-psf\main.cpp(803): warning C4305: 'argumento': truncamiento de 'double' a 'float'
c:\users\pamela\source\repos\cgeihc-proyecto_final-psf\main.cpp(803): warning C4244: 'argumento': conversión de 'double' a 'float'; posible pérdida de datos
c:\users\pamela\source\repos\cgeihc-proyecto_final-psf\main.cpp(807): warning C4305: 'argumento': truncamiento de 'double' a 'float'
c:\users\pamela\source\repos\cgeihc-proyecto_final-psf\main.cpp(808): warning C4305: 'argumento': truncamiento de 'double' a 'float'
c:\users\pamela\source\repos\cgeihc-proyecto_final-psf\main.cpp(809): warning C4305: 'argumento': truncamiento de 'double' a 'float'
c:\users\pamela\source\repos\cgeihc-proyecto_final-psf\main.cpp(810): warning C4305: 'argumento': truncamiento de 'double' a 'float'
c:\users\pamela\source\repos\cgeihc-proyecto_final-psf\main.cpp(811): warning C4305: 'argumento': truncamiento de 'double' a 'float'
c:\users\pamela\source\repos\cgeihc-proyecto_final-psf\main.cpp(812): warning C4305: 'argumento': truncamiento de 'double' a 'float'
c:\users\pamela\source\repos\cgeihc-proyecto_final-psf\main.cpp(813): warning C4305: 'argumento': truncamiento de 'double' a 'float'
c:\users\pamela\source\repos\cgeihc-proyecto_final-psf\main.cpp(814): warning C4305: 'argumento': truncamiento de 'double' a 'float'
c:\users\pamela\source\repos\cgeihc-proyecto_final-psf\main.cpp(815): warning C4305: 'argumento': truncamiento de 'double' a 'float'
c:\users\pamela\source\repos\cgeihc-proyecto_final-psf\main.cpp(816): warning C4305: 'argumento': truncamiento de 'double' a 'float'
c:\users\pamela\source\repos\cgeihc-proyecto_final-psf\main.cpp(817): warning C4305: 'argumento': truncamiento de 'double' a 'float'
c:\users\pamela\source\repos\cgeihc-proyecto_final-psf\main.cpp(818): warning C4305: 'argumento': truncamiento de 'double' a 'float'
c:\users\pamela\source\repos\cgeihc-proyecto_final-psf\main.cpp(819): warning C4305: 'argumento': truncamiento de 'double' a 'float'
c:\users\pamela\source\repos\cgeihc-proyecto_final-psf\main.cpp(820): warning C4305: 'argumento': truncamiento de 'double' a 'float'
c:\users\pamela\source\repos\cgeihc-proyecto_final-psf\main.cpp(821): warning C4305: 'argumento': truncamiento de 'double' a 'float'
c:\users\pamela\source\repos\cgeihc-proyecto_final-psf\main.cpp(822): warning C4305: 'argumento': truncamiento de 'double' a 'float'
c:\users\pamela\source\repos\cgeihc-proyecto_final-psf\main.cpp(823): warning C4305: 'argumento': truncamiento de 'double' a 'float'
c:\users\pamela\source\repos\cgeihc-proyecto_final-psf\main.cpp(824): warning C4305: 'argumento': truncamiento de 'double' a 'float'
c:\users\pamela\source\repos\cgeihc-proyecto_final-psf\main.cpp(825): warning C4305: 'argumento': truncamiento de 'double' a 'float'
c:\users\pamela\source\repos\cgeihc-proyecto_final-psf\main.cpp(826): warning C4305: 'argumento': truncamiento de 'double' a 'float'
c:\users\pamela\source\repos\cgeihc-proyecto_final-psf\main.cpp(827): warning C4305: 'argumento': truncamiento de 'double' a 'float'
c:\users\pamela\source\repos\cgeihc-proyecto_final-psf\main.cpp(828): warning C4305: 'argumento': truncamiento de 'double' a 'float'
c:\users\pamela\source\repos\cgeihc-proyecto_final-psf\main.cpp(829): warning C4305: 'argumento': truncamiento de 'double' a 'float'
c:\users\pamela\source\repos\cgeihc-proyecto_final-psf\main.cpp(830): warning C4305: 'argumento': truncamiento de 'double' a 'float'
c:\users\pamela\source\repos\cgeihc-proyecto_final-psf\main.cpp(831): warning C4305: 'argumento': truncamiento de 'double' a 'float'
c:\users\pamela\source\repos\cgeihc-proyecto_final-psf\main.cpp(832): warning C4305: 'argumento': truncamiento de 'double' a 'float'
c:\users\pamela\source\repos\cgeihc-proyecto_final-psf\main.cpp(833): warning C4305: 'argumento': truncamiento de 'double' a 'float'
c:\users\pamela\source\repos\cgeihc-proyecto_final-psf\main.cpp(834): warning C4305: 'argumento': truncamiento de 'double' a 'float'
c:\users\pamela\source\repos\cgeihc-proyecto_final-psf\main.cpp(835): warning C4305: 'argumento': truncamiento de 'double' a 'float'
c:\users\pamela\source\repos\cgeihc-proyecto_final-psf\main.cpp(836): warning C4305: 'argumento': truncamiento de 'double' a 'float'
c:\users\pamela\source\repos\cgeihc-proyecto_final-psf\main.cpp(837): warning C4305: 'argumento': truncamiento de 'double' a 'float'
c:\users\pamela\source\repos\cgeihc-proyecto_final-psf\main.cpp(838): warning C4305: 'argumento': truncamiento de 'double' a 'float'
c:\users\pamela\source\repos\cgeihc-proyecto_final-psf\main.cpp(839): warning C4305: 'argumento': truncamiento de 'double' a 'float'
c:\users\pamela\source\repos\cgeihc-proyecto_final-psf\main.cpp(840): warning C4305: 'argumento': truncamiento de 'double' a 'float'
c:\users\pamela\source\repos\cgeihc-proyecto_final-psf\main.cpp(841): warning C4305: 'argumento': truncamiento de 'double' a 'float'
c:\users\pamela\source\repos\cgeihc-proyecto_final-psf\main.cpp(842): warning C4305: 'argumento': truncamiento de 'double' a 'float'
c:\users\pamela\source\repos\cgeihc-proyecto_final-psf\main.cpp(843): warning C4305: 'argumento': truncamiento de 'double' a 'float'
c:\users\pamela\source\repos\cgeihc-proyecto_final-psf\main.cpp(844): warning C4305: 'argumento': truncamiento de 'double' a 'float'
c:\users\pamela\source\repos\cgeihc-proyecto_final-psf\main.cpp(845): warning C4305: 'argumento': truncamiento de 'double' a 'float'
c:\users\pamela\source\repos\cgeihc-proyecto_final-psf\main.cpp(846): warning C4305: 'argumento': truncamiento de 'double' a 'float'
c:\users\pamela\source\repos\cgeihc-proyecto_final-psf\main.cpp(847): warning C4305: 'argumento': truncamiento de 'double' a 'float'
c:\users\pamela\source\repos\cgeihc-proyecto_final-psf\main.cpp(848): warning C4305: 'argumento': truncamiento de 'double' a 'float'
c:\users\pamela\source\repos\cgeihc-proyecto_final-psf\main.cpp(849): warning C4305: 'argumento': truncamiento de 'double' a 'float'
c:\users\pamela\source\repos\cgeihc-proyecto_final-psf\main.cpp(850): warning C4305: 'argumento': truncamiento de 'double' a 'float'
c:\users\pamela\source\repos\cgeihc-proyecto_final-psf\main.cpp(851): warning C4305: 'argumento': truncamiento de 'double' a 'float'
c:\users\pamela\source\repos\cgeihc-proyecto_final-psf\main.cpp(852): warning C4305: 'argumento': truncamiento de 'double' a 'float'
c:\users\pamela\source\repos\cgeihc-proyecto_final-psf\main.cpp(853): warning C4305: 'argumento': truncamiento de 'double' a 'float'
c:\users\pamela\source\repos\cgeihc-proyecto_final-psf\main.cpp(854): warning C4305: 'argumento': truncamiento de 'double' a 'float'
c:\users\pamela\source\repos\cgeihc-proyecto_final-psf\main.cpp(855): warning C4305: 'argumento': truncamiento de 'double' a 'float'
c:\users\pamela\source\repos\cgeihc-proyecto_final-psf\main.cpp(856): warning C4305: 'argumento': truncamiento de 'double' a 'float'
c:\users\pamela\source\repos\cgeihc-proyecto_final-psf\main.cpp(857): warning C4305: 'argumento': truncamiento de 'double' a 'float'
c:\users\pamela\source\repos\cgeihc-proyecto_final-psf\main.cpp(858): warning C4305: 'argumento': truncamiento de 'double' a 'float'
c:\users\pamela\source\repos\cgeihc-proyecto_final-psf\main.cpp(859): warning C4305: 'argumento': truncamiento de 'double' a 'float'
c:\users\pamela\source\repos\cgeihc-proyecto_final-psf\main.cpp(860): warning C4305: 'argumento': truncamiento de 'double' a 'float'
c:\users\pamela\source\repos\cgeihc-proyecto_final-psf\main.cpp(861): warning C4305: 'argumento': truncamiento de 'double' a 'float'
c:\users\pamela\source\repos\cgeihc-proyecto_final-psf\main.cpp(862): warning C4305: 'argumento': truncamiento de 'double' a 'float'
c:\users\pamela\source\repos\cgeihc-proyecto_final-psf\main.cpp(863): warning C4305: 'argumento': truncamiento de 'double' a 'float'
c:\users\pamela\source\repos\cgeihc-proyecto_final-psf\main.cpp(864): warning C4305: 'argumento': truncamiento de 'double' a 'float'
c:\users\pamela\source\repos\cgeihc-proyecto_final-psf\main.cpp(865): warning C4305: 'argumento': truncamiento de 'double' a 'float'
c:\users\pamela\source\repos\cgeihc-proyecto_final-psf\main.cpp(866): warning C4305: 'argumento': truncamiento de 'double' a 'float'
c:\users\pamela\source\repos\cgeihc-proyecto_final-psf\main.cpp(867): warning C4305: 'argumento': truncamiento de 'double' a 'float'
c:\users\pamela\source\repos\cgeihc-proyecto_final-psf\main.cpp(868): warning C4305: 'argumento': truncamiento de 'double' a 'float'
c:\users\pamela\source\repos\cgeihc-proyecto_final-psf\main.cpp(869): warning C4305: 'argumento': truncamiento de 'double' a 'float'
c:\users\pamela\source\repos\cgeihc-proyecto_final-psf\main.cpp(870): warning C4305: 'argumento': truncamiento de 'double' a 'float'
c:\users\pamela\source\repos\cgeihc-proyecto_final-psf\main.cpp(871): warning C4305: 'argumento': truncamiento de 'double' a 'float'
c:\users\pamela\source\repos\cgeihc-proyecto_final-psf\main.cpp(872): warning C4305: 'argumento': truncamiento de 'double' a 'float'
c:\users\pamela\source\repos\cgeihc-proyecto_final-psf\main.cpp(873): warning C4305: 'argumento': truncamiento de 'double' a 'float'
c:\users\pamela\source\repos\cgeihc-proyecto_final-psf\main.cpp(874): warning C4305: 'argumento': truncamiento de 'double' a 'float'
c:\users\pamela\source\repos\cgeihc-proyecto_final-psf\main.cpp(875): warning C4305: 'argumento': truncamiento de 'double' a 'float'
c:\users\pamela\source\repos\cgeihc-proyecto_final-psf\main.cpp(876): warning C4305: 'argumento': truncamiento de 'double' a 'float'
c:\users\pamela\source\repos\cgeihc-proyecto_final-psf\main.cpp(877): warning C4305: 'argumento': truncamiento de 'double' a 'float'
c:\users\pamela\source\repos\cgeihc-proyecto_final-psf\main.cpp(878): warning C4305: 'argumento': truncamiento de 'double' a 'float'
c:\users\pamela\source\repos\cgeihc-proyecto_final-psf\main.cpp(879): warning C4305: 'argumento': truncamiento de 'double' a 'float'
c:\users\pamela\source\repos\cgeihc-proyecto_final-psf\main.cpp(880): warning C4305: 'argumento': truncamiento de 'double' a 'float'
c:\users\pamela\source\repos\cgeihc-proyecto_final-psf\main.cpp(881): warning C4305: 'argumento': truncamiento de 'double' a 'float'
c:\users\pamela\source\repos\cgeihc-proyecto_final-psf\main.cpp(882): warning C4305: 'argumento': truncamiento de 'double' a 'float'
c:\users\pamela\source\repos\cgeihc-proyecto_final-psf\main.cpp(883): warning C4305: 'argumento': truncamiento de 'double' a 'float'
c:\users\pamela\source\repos\cgeihc-proyecto_final-psf\main.cpp(884): warning C4305: 'argumento': truncamiento de 'double' a 'float'
c:\users\pamela\source\repos\cgeihc-proyecto_final-psf\main.cpp(885): warning C4305: 'argumento': truncamiento de 'double' a 'float'
c:\users\pamela\source\repos\cgeihc-proyecto_final-psf\main.cpp(886): warning C4305: 'argumento': truncamiento de 'double' a 'float'
c:\users\pamela\source\repos\cgeihc-proyecto_final-psf\main.cpp(887): warning C4305: 'argumento': truncamiento de 'double' a 'float'
c:\users\pamela\source\repos\cgeihc-proyecto_final-psf\main.cpp(888): warning C4305: 'argumento': truncamiento de 'double' a 'float'
c:\users\pamela\source\repos\cgeihc-proyecto_final-psf\main.cpp(889): warning C4305: 'argumento': truncamiento de 'double' a 'float'
c:\users\pamela\source\repos\cgeihc-proyecto_final-psf\main.cpp(890): warning C4305: 'argumento': truncamiento de 'double' a 'float'
c:\users\pamela\source\repos\cgeihc-proyecto_final-psf\main.cpp(891): warning C4305: 'argumento': truncamiento de 'double' a 'float'
c:\users\pamela\source\repos\cgeihc-proyecto_final-psf\main.cpp(892): warning C4305: 'argumento': truncamiento de 'double' a 'float'
c:\users\pamela\source\repos\cgeihc-proyecto_final-psf\main.cpp(893): warning C4305: 'argumento': truncamiento de 'double' a 'float'
c:\users\pamela\source\repos\cgeihc-proyecto_final-psf\main.cpp(894): warning C4305: 'argumento': truncamiento de 'double' a 'float'
c:\users\pamela\source\repos\cgeihc-proyecto_final-psf\main.cpp(895): warning C4305: 'argumento': truncamiento de 'double' a 'float'
c:\users\pamela\source\repos\cgeihc-proyecto_final-psf\main.cpp(896): warning C4305: 'argumento': truncamiento de 'double' a 'float'
c:\users\pamela\source\repos\cgeihc-proyecto_final-psf\main.cpp(900): warning C4305: 'argumento': truncamiento de 'double' a 'float'
c:\users\pamela\source\repos\cgeihc-proyecto_final-psf\main.cpp(901): warning C4305: 'argumento': truncamiento de 'double' a 'float'
c:\users\pamela\source\repos\cgeihc-proyecto_final-psf\main.cpp(902): warning C4305: 'argumento': truncamiento de 'double' a 'float'
c:\users\pamela\source\repos\cgeihc-proyecto_final-psf\main.cpp(903): warning C4305: 'argumento': truncamiento de 'double' a 'float'
c:\users\pamela\source\repos\cgeihc-proyecto_final-psf\main.cpp(904): warning C4305: 'argumento': truncamiento de 'double' a 'float'
c:\users\pamela\source\repos\cgeihc-proyecto_final-psf\main.cpp(905): warning C4305: 'argumento': truncamiento de 'double' a 'float'
c:\users\pamela\source\repos\cgeihc-proyecto_final-psf\main.cpp(906): warning C4305: 'argumento': truncamiento de 'double' a 'float'
c:\users\pamela\source\repos\cgeihc-proyecto_final-psf\main.cpp(907): warning C4305: 'argumento': truncamiento de 'double' a 'float'
c:\users\pamela\source\repos\cgeihc-proyecto_final-psf\main.cpp(908): warning C4305: 'argumento': truncamiento de 'double' a 'float'
c:\users\pamela\source\repos\cgeihc-proyecto_final-psf\main.cpp(909): warning C4305: 'argumento': truncamiento de 'double' a 'float'
c:\users\pamela\source\repos\cgeihc-proyecto_final-psf\main.cpp(910): warning C4305: 'argumento': truncamiento de 'double' a 'float'
c:\users\pamela\source\repos\cgeihc-proyecto_final-psf\main.cpp(911): warning C4305: 'argumento': truncamiento de 'double' a 'float'
c:\users\pamela\source\repos\cgeihc-proyecto_final-psf\main.cpp(912): warning C4305: 'argumento': truncamiento de 'double' a 'float'
c:\users\pamela\source\repos\cgeihc-proyecto_final-psf\main.cpp(913): warning C4305: 'argumento': truncamiento de 'double' a 'float'
c:\users\pamela\source\repos\cgeihc-proyecto_final-psf\main.cpp(914): warning C4305: 'argumento': truncamiento de 'double' a 'float'
c:\users\pamela\source\repos\cgeihc-proyecto_final-psf\main.cpp(915): warning C4305: 'argumento': truncamiento de 'double' a 'float'
c:\users\pamela\source\repos\cgeihc-proyecto_final-psf\main.cpp(916): warning C4305: 'argumento': truncamiento de 'double' a 'float'
c:\users\pamela\source\repos\cgeihc-proyecto_final-psf\main.cpp(917): warning C4305: 'argumento': truncamiento de 'double' a 'float'
c:\users\pamela\source\repos\cgeihc-proyecto_final-psf\main.cpp(918): warning C4305: 'argumento': truncamiento de 'double' a 'float'
c:\users\pamela\source\repos\cgeihc-proyecto_final-psf\main.cpp(919): warning C4305: 'argumento': truncamiento de 'double' a 'float'
c:\users\pamela\source\repos\cgeihc-proyecto_final-psf\main.cpp(920): warning C4305: 'argumento': truncamiento de 'double' a 'float'
c:\users\pamela\source\repos\cgeihc-proyecto_final-psf\main.cpp(921): warning C4305: 'argumento': truncamiento de 'double' a 'float'
c:\users\pamela\source\repos\cgeihc-proyecto_final-psf\main.cpp(922): warning C4305: 'argumento': truncamiento de 'double' a 'float'
c:\users\pamela\source\repos\cgeihc-proyecto_final-psf\main.cpp(923): warning C4305: 'argumento': truncamiento de 'double' a 'float'
c:\users\pamela\source\repos\cgeihc-proyecto_final-psf\main.cpp(924): warning C4305: 'argumento': truncamiento de 'double' a 'float'
c:\users\pamela\source\repos\cgeihc-proyecto_final-psf\main.cpp(925): warning C4305: 'argumento': truncamiento de 'double' a 'float'
c:\users\pamela\source\repos\cgeihc-proyecto_final-psf\main.cpp(926): warning C4305: 'argumento': truncamiento de 'double' a 'float'
c:\users\pamela\source\repos\cgeihc-proyecto_final-psf\main.cpp(927): warning C4305: 'argumento': truncamiento de 'double' a 'float'
c:\users\pamela\source\repos\cgeihc-proyecto_final-psf\main.cpp(928): warning C4305: 'argumento': truncamiento de 'double' a 'float'
c:\users\pamela\source\repos\cgeihc-proyecto_final-psf\main.cpp(929): warning C4305: 'argumento': truncamiento de 'double' a 'float'
c:\users\pamela\source\repos\cgeihc-proyecto_final-psf\main.cpp(930): warning C4305: 'argumento': truncamiento de 'double' a 'float'
c:\users\pamela\source\repos\cgeihc-proyecto_final-psf\main.cpp(931): warning C4305: 'argumento': truncamiento de 'double' a 'float'
c:\users\pamela\source\repos\cgeihc-proyecto_final-psf\main.cpp(932): warning C4305: 'argumento': truncamiento de 'double' a 'float'
c:\users\pamela\source\repos\cgeihc-proyecto_final-psf\main.cpp(933): warning C4305: 'argumento': truncamiento de 'double' a 'float'
c:\users\pamela\source\repos\cgeihc-proyecto_final-psf\main.cpp(934): warning C4305: 'argumento': truncamiento de 'double' a 'float'
c:\users\pamela\source\repos\cgeihc-proyecto_final-psf\main.cpp(935): warning C4305: 'argumento': truncamiento de 'double' a 'float'
c:\users\pamela\source\repos\cgeihc-proyecto_final-psf\main.cpp(936): warning C4305: 'argumento': truncamiento de 'double' a 'float'
c:\users\pamela\source\repos\cgeihc-proyecto_final-psf\main.cpp(937): warning C4305: 'argumento': truncamiento de 'double' a 'float'
c:\users\pamela\source\repos\cgeihc-proyecto_final-psf\main.cpp(938): warning C4305: 'argumento': truncamiento de 'double' a 'float'
c:\users\pamela\source\repos\cgeihc-proyecto_final-psf\main.cpp(939): warning C4305: 'argumento': truncamiento de 'double' a 'float'
c:\users\pamela\source\repos\cgeihc-proyecto_final-psf\main.cpp(940): warning C4305: 'argumento': truncamiento de 'double' a 'float'
c:\users\pamela\source\repos\cgeihc-proyecto_final-psf\main.cpp(941): warning C4305: 'argumento': truncamiento de 'double' a 'float'
c:\users\pamela\source\repos\cgeihc-proyecto_final-psf\main.cpp(942): warning C4305: 'argumento': truncamiento de 'double' a 'float'
c:\users\pamela\source\repos\cgeihc-proyecto_final-psf\main.cpp(943): warning C4305: 'argumento': truncamiento de 'double' a 'float'
c:\users\pamela\source\repos\cgeihc-proyecto_final-psf\main.cpp(944): warning C4305: 'argumento': truncamiento de 'double' a 'float'
c:\users\pamela\source\repos\cgeihc-proyecto_final-psf\main.cpp(945): warning C4305: 'argumento': truncamiento de 'double' a 'float'
c:\users\pamela\source\repos\cgeihc-proyecto_final-psf\main.cpp(946): warning C4305: 'argumento': truncamiento de 'double' a 'float'
c:\users\pamela\source\repos\cgeihc-proyecto_final-psf\main.cpp(947): warning C4305: 'argumento': truncamiento de 'double' a 'float'
c:\users\pamela\source\repos\cgeihc-proyecto_final-psf\main.cpp(948): warning C4305: 'argumento': truncamiento de 'double' a 'float'
c:\users\pamela\source\repos\cgeihc-proyecto_final-psf\main.cpp(949): warning C4305: 'argumento': truncamiento de 'double' a 'float'
c:\users\pamela\source\repos\cgeihc-proyecto_final-psf\main.cpp(950): warning C4305: 'argumento': truncamiento de 'double' a 'float'
c:\users\pamela\source\repos\cgeihc-proyecto_final-psf\main.cpp(951): warning C4305: 'argumento': truncamiento de 'double' a 'float'
c:\users\pamela\source\repos\cgeihc-proyecto_final-psf\main.cpp(952): warning C4305: 'argumento': truncamiento de 'double' a 'float'
c:\users\pamela\source\repos\cgeihc-proyecto_final-psf\main.cpp(953): warning C4305: 'argumento': truncamiento de 'double' a 'float'
c:\users\pamela\source\repos\cgeihc-proyecto_final-psf\main.cpp(954): warning C4305: 'argumento': truncamiento de 'double' a 'float'
c:\users\pamela\source\repos\cgeihc-proyecto_final-psf\main.cpp(955): warning C4305: 'argumento': truncamiento de 'double' a 'float'
c:\users\pamela\source\repos\cgeihc-proyecto_final-psf\main.cpp(956): warning C4305: 'argumento': truncamiento de 'double' a 'float'
c:\users\pamela\source\repos\cgeihc-proyecto_final-psf\main.cpp(957): warning C4305: 'argumento': truncamiento de 'double' a 'float'
c:\users\pamela\source\repos\cgeihc-proyecto_final-psf\main.cpp(958): warning C4305: 'argumento': truncamiento de 'double' a 'float'
c:\users\pamela\source\repos\cgeihc-proyecto_final-psf\main.cpp(959): warning C4305: 'argumento': truncamiento de 'double' a 'float'
c:\users\pamela\source\repos\cgeihc-proyecto_final-psf\main.cpp(960): warning C4305: 'argumento': truncamiento de 'double' a 'float'
c:\users\pamela\source\repos\cgeihc-proyecto_final-psf\main.cpp(961): warning C4305: 'argumento': truncamiento de 'double' a 'float'
c:\users\pamela\source\repos\cgeihc-proyecto_final-psf\main.cpp(962): warning C4305: 'argumento': truncamiento de 'double' a 'float'
c:\users\pamela\source\repos\cgeihc-proyecto_final-psf\main.cpp(963): warning C4305: 'argumento': truncamiento de 'double' a 'float'
c:\users\pamela\source\repos\cgeihc-proyecto_final-psf\main.cpp(964): warning C4305: 'argumento': truncamiento de 'double' a 'float'
c:\users\pamela\source\repos\cgeihc-proyecto_final-psf\main.cpp(965): warning C4305: 'argumento': truncamiento de 'double' a 'float'
c:\users\pamela\source\repos\cgeihc-proyecto_final-psf\main.cpp(966): warning C4305: 'argumento': truncamiento de 'double' a 'float'
c:\users\pamela\source\repos\cgeihc-proyecto_final-psf\main.cpp(967): warning C4305: 'argumento': truncamiento de 'double' a 'float'
c:\users\pamela\source\repos\cgeihc-proyecto_final-psf\main.cpp(968): warning C4305: 'argumento': truncamiento de 'double' a 'float'
c:\users\pamela\source\repos\cgeihc-proyecto_final-psf\main.cpp(969): warning C4305: 'argumento': truncamiento de 'double' a 'float'
c:\users\pamela\source\repos\cgeihc-proyecto_final-psf\main.cpp(970): warning C4305: 'argumento': truncamiento de 'double' a 'float'
c:\users\pamela\source\repos\cgeihc-proyecto_final-psf\main.cpp(971): warning C4305: 'argumento': truncamiento de 'double' a 'float'
c:\users\pamela\source\repos\cgeihc-proyecto_final-psf\main.cpp(972): warning C4305: 'argumento': truncamiento de 'double' a 'float'
c:\users\pamela\source\repos\cgeihc-proyecto_final-psf\main.cpp(973): warning C4305: 'argumento': truncamiento de 'double' a 'float'
c:\users\pamela\source\repos\cgeihc-proyecto_final-psf\main.cpp(974): warning C4305: 'argumento': truncamiento de 'double' a 'float'
c:\users\pamela\source\repos\cgeihc-proyecto_final-psf\main.cpp(975): warning C4305: 'argumento': truncamiento de 'double' a 'float'
c:\users\pamela\source\repos\cgeihc-proyecto_final-psf\main.cpp(976): warning C4305: 'argumento': truncamiento de 'double' a 'float'
c:\users\pamela\source\repos\cgeihc-proyecto_final-psf\main.cpp(977): warning C4305: 'argumento': truncamiento de 'double' a 'float'
c:\users\pamela\source\repos\cgeihc-proyecto_final-psf\main.cpp(978): warning C4305: 'argumento': truncamiento de 'double' a 'float'
c:\users\pamela\source\repos\cgeihc-proyecto_final-psf\main.cpp(979): warning C4305: 'argumento': truncamiento de 'double' a 'float'
c:\users\pamela\source\repos\cgeihc-proyecto_final-psf\main.cpp(980): warning C4305: 'argumento': truncamiento de 'double' a 'float'
c:\users\pamela\source\repos\cgeihc-proyecto_final-psf\main.cpp(981): warning C4305: 'argumento': truncamiento de 'double' a 'float'
c:\users\pamela\source\repos\cgeihc-proyecto_final-psf\main.cpp(982): warning C4305: 'argumento': truncamiento de 'double' a 'float'
c:\users\pamela\source\repos\cgeihc-proyecto_final-psf\main.cpp(983): warning C4305: 'argumento': truncamiento de 'double' a 'float'
c:\users\pamela\source\repos\cgeihc-proyecto_final-psf\main.cpp(984): warning C4305: 'argumento': truncamiento de 'double' a 'float'
c:\users\pamela\source\repos\cgeihc-proyecto_final-psf\main.cpp(985): warning C4305: 'argumento': truncamiento de 'double' a 'float'
c:\users\pamela\source\repos\cgeihc-proyecto_final-psf\main.cpp(986): warning C4305: 'argumento': truncamiento de 'double' a 'float'
c:\users\pamela\source\repos\cgeihc-proyecto_final-psf\main.cpp(987): warning C4305: 'argumento': truncamiento de 'double' a 'float'
c:\users\pamela\source\repos\cgeihc-proyecto_final-psf\main.cpp(988): warning C4305: 'argumento': truncamiento de 'double' a 'float'
c:\users\pamela\source\repos\cgeihc-proyecto_final-psf\main.cpp(989): warning C4305: 'argumento': truncamiento de 'double' a 'float'
c:\users\pamela\source\repos\cgeihc-proyecto_final-psf\main.cpp(993): warning C4305: 'argumento': truncamiento de 'double' a 'float'
c:\users\pamela\source\repos\cgeihc-proyecto_final-psf\main.cpp(994): warning C4305: 'argumento': truncamiento de 'double' a 'float'
c:\users\pamela\source\repos\cgeihc-proyecto_final-psf\main.cpp(995): warning C4305: 'argumento': truncamiento de 'double' a 'float'
c:\users\pamela\source\repos\cgeihc-proyecto_final-psf\main.cpp(996): warning C4305: 'argumento': truncamiento de 'double' a 'float'
c:\users\pamela\source\repos\cgeihc-proyecto_final-psf\main.cpp(997): warning C4305: 'argumento': truncamiento de 'double' a 'float'
c:\users\pamela\source\repos\cgeihc-proyecto_final-psf\main.cpp(998): warning C4305: 'argumento': truncamiento de 'double' a 'float'
c:\users\pamela\source\repos\cgeihc-proyecto_final-psf\main.cpp(999): warning C4305: 'argumento': truncamiento de 'double' a 'float'
c:\users\pamela\source\repos\cgeihc-proyecto_final-psf\main.cpp(1000): warning C4305: 'argumento': truncamiento de 'double' a 'float'
c:\users\pamela\source\repos\cgeihc-proyecto_final-psf\main.cpp(1001): warning C4305: 'argumento': truncamiento de 'double' a 'float'
c:\users\pamela\source\repos\cgeihc-proyecto_final-psf\main.cpp(1002): warning C4305: 'argumento': truncamiento de 'double' a 'float'
c:\users\pamela\source\repos\cgeihc-proyecto_final-psf\main.cpp(1003): warning C4305: 'argumento': truncamiento de 'double' a 'float'
c:\users\pamela\source\repos\cgeihc-proyecto_final-psf\main.cpp(1004): warning C4305: 'argumento': truncamiento de 'double' a 'float'
c:\users\pamela\source\repos\cgeihc-proyecto_final-psf\main.cpp(1005): warning C4305: 'argumento': truncamiento de 'double' a 'float'
c:\users\pamela\source\repos\cgeihc-proyecto_final-psf\main.cpp(1006): warning C4305: 'argumento': truncamiento de 'double' a 'float'
c:\users\pamela\source\repos\cgeihc-proyecto_final-psf\main.cpp(1007): warning C4305: 'argumento': truncamiento de 'double' a 'float'
c:\users\pamela\source\repos\cgeihc-proyecto_final-psf\main.cpp(1008): warning C4305: 'argumento': truncamiento de 'double' a 'float'
c:\users\pamela\source\repos\cgeihc-proyecto_final-psf\main.cpp(1009): warning C4305: 'argumento': truncamiento de 'double' a 'float'
c:\users\pamela\source\repos\cgeihc-proyecto_final-psf\main.cpp(1010): warning C4305: 'argumento': truncamiento de 'double' a 'float'
c:\users\pamela\source\repos\cgeihc-proyecto_final-psf\main.cpp(1011): warning C4305: 'argumento': truncamiento de 'double' a 'float'
c:\users\pamela\source\repos\cgeihc-proyecto_final-psf\main.cpp(1012): warning C4305: 'argumento': truncamiento de 'double' a 'float'
c:\users\pamela\source\repos\cgeihc-proyecto_final-psf\main.cpp(1013): warning C4305: 'argumento': truncamiento de 'double' a 'float'
c:\users\pamela\source\repos\cgeihc-proyecto_final-psf\main.cpp(1014): warning C4305: 'argumento': truncamiento de 'double' a 'float'
c:\users\pamela\source\repos\cgeihc-proyecto_final-psf\main.cpp(1015): warning C4305: 'argumento': truncamiento de 'double' a 'float'
c:\users\pamela\source\repos\cgeihc-proyecto_final-psf\main.cpp(1016): warning C4305: 'argumento': truncamiento de 'double' a 'float'
c:\users\pamela\source\repos\cgeihc-proyecto_final-psf\main.cpp(1017): warning C4305: 'argumento': truncamiento de 'double' a 'float'
c:\users\pamela\source\repos\cgeihc-proyecto_final-psf\main.cpp(1018): warning C4305: 'argumento': truncamiento de 'double' a 'float'
c:\users\pamela\source\repos\cgeihc-proyecto_final-psf\main.cpp(1019): warning C4305: 'argumento': truncamiento de 'double' a 'float'
c:\users\pamela\source\repos\cgeihc-proyecto_final-psf\main.cpp(1020): warning C4305: 'argumento': truncamiento de 'double' a 'float'
c:\users\pamela\source\repos\cgeihc-proyecto_final-psf\main.cpp(1021): warning C4305: 'argumento': truncamiento de 'double' a 'float'
c:\users\pamela\source\repos\cgeihc-proyecto_final-psf\main.cpp(1022): warning C4305: 'argumento': truncamiento de 'double' a 'float'
c:\users\pamela\source\repos\cgeihc-proyecto_final-psf\main.cpp(1023): warning C4305: 'argumento': truncamiento de 'double' a 'float'
c:\users\pamela\source\repos\cgeihc-proyecto_final-psf\main.cpp(1024): warning C4305: 'argumento': truncamiento de 'double' a 'float'
c:\users\pamela\source\repos\cgeihc-proyecto_final-psf\main.cpp(1025): warning C4305: 'argumento': truncamiento de 'double' a 'float'
c:\users\pamela\source\repos\cgeihc-proyecto_final-psf\main.cpp(1026): warning C4305: 'argumento': truncamiento de 'double' a 'float'
c:\users\pamela\source\repos\cgeihc-proyecto_final-psf\main.cpp(1027): warning C4305: 'argumento': truncamiento de 'double' a 'float'
c:\users\pamela\source\repos\cgeihc-proyecto_final-psf\main.cpp(1028): warning C4305: 'argumento': truncamiento de 'double' a 'float'
c:\users\pamela\source\repos\cgeihc-proyecto_final-psf\main.cpp(1029): warning C4305: 'argumento': truncamiento de 'double' a 'float'
c:\users\pamela\source\repos\cgeihc-proyecto_final-psf\main.cpp(1030): warning C4305: 'argumento': truncamiento de 'double' a 'float'
c:\users\pamela\source\repos\cgeihc-proyecto_final-psf\main.cpp(1031): warning C4305: 'argumento': truncamiento de 'double' a 'float'
c:\users\pamela\source\repos\cgeihc-proyecto_final-psf\main.cpp(1032): warning C4305: 'argumento': truncamiento de 'double' a 'float'
c:\users\pamela\source\repos\cgeihc-proyecto_final-psf\main.cpp(1033): warning C4305: 'argumento': truncamiento de 'double' a 'float'
c:\users\pamela\source\repos\cgeihc-proyecto_final-psf\main.cpp(1034): warning C4305: 'argumento': truncamiento de 'double' a 'float'
c:\users\pamela\source\repos\cgeihc-proyecto_final-psf\main.cpp(1035): warning C4305: 'argumento': truncamiento de 'double' a 'float'
c:\users\pamela\source\repos\cgeihc-proyecto_final-psf\main.cpp(1036): warning C4305: 'argumento': truncamiento de 'double' a 'float'
c:\users\pamela\source\repos\cgeihc-proyecto_final-psf\main.cpp(1037): warning C4305: 'argumento': truncamiento de 'double' a 'float'
c:\users\pamela\source\repos\cgeihc-proyecto_final-psf\main.cpp(1038): warning C4305: 'argumento': truncamiento de 'double' a 'float'
c:\users\pamela\source\repos\cgeihc-proyecto_final-psf\main.cpp(1039): warning C4305: 'argumento': truncamiento de 'double' a 'float'
c:\users\pamela\source\repos\cgeihc-proyecto_final-psf\main.cpp(1040): warning C4305: 'argumento': truncamiento de 'double' a 'float'
c:\users\pamela\source\repos\cgeihc-proyecto_final-psf\main.cpp(1041): warning C4305: 'argumento': truncamiento de 'double' a 'float'
c:\users\pamela\source\repos\cgeihc-proyecto_final-psf\main.cpp(1042): warning C4305: 'argumento': truncamiento de 'double' a 'float'
c:\users\pamela\source\repos\cgeihc-proyecto_final-psf\main.cpp(1043): warning C4305: 'argumento': truncamiento de 'double' a 'float'
c:\users\pamela\source\repos\cgeihc-proyecto_final-psf\main.cpp(1044): warning C4305: 'argumento': truncamiento de 'double' a 'float'
c:\users\pamela\source\repos\cgeihc-proyecto_final-psf\main.cpp(1045): warning C4305: 'argumento': truncamiento de 'double' a 'float'
c:\users\pamela\source\repos\cgeihc-proyecto_final-psf\main.cpp(1046): warning C4305: 'argumento': truncamiento de 'double' a 'float'
c:\users\pamela\source\repos\cgeihc-proyecto_final-psf\main.cpp(1047): warning C4305: 'argumento': truncamiento de 'double' a 'float'
c:\users\pamela\source\repos\cgeihc-proyecto_final-psf\main.cpp(1048): warning C4305: 'argumento': truncamiento de 'double' a 'float'
c:\users\pamela\source\repos\cgeihc-proyecto_final-psf\main.cpp(1049): warning C4305: 'argumento': truncamiento de 'double' a 'float'
c:\users\pamela\source\repos\cgeihc-proyecto_final-psf\main.cpp(1050): warning C4305: 'argumento': truncamiento de 'double' a 'float'
c:\users\pamela\source\repos\cgeihc-proyecto_final-psf\main.cpp(1051): warning C4305: 'argumento': truncamiento de 'double' a 'float'
c:\users\pamela\source\repos\cgeihc-proyecto_final-psf\main.cpp(1052): warning C4305: 'argumento': truncamiento de 'double' a 'float'
c:\users\pamela\source\repos\cgeihc-proyecto_final-psf\main.cpp(1053): warning C4305: 'argumento': truncamiento de 'double' a 'float'
c:\users\pamela\source\repos\cgeihc-proyecto_final-psf\main.cpp(1054): warning C4305: 'argumento': truncamiento de 'double' a 'float'
c:\users\pamela\source\repos\cgeihc-proyecto_final-psf\main.cpp(1055): warning C4305: 'argumento': truncamiento de 'double' a 'float'
c:\users\pamela\source\repos\cgeihc-proyecto_final-psf\main.cpp(1056): warning C4305: 'argumento': truncamiento de 'double' a 'float'
c:\users\pamela\source\repos\cgeihc-proyecto_final-psf\main.cpp(1057): warning C4305: 'argumento': truncamiento de 'double' a 'float'
c:\users\pamela\source\repos\cgeihc-proyecto_final-psf\main.cpp(1058): warning C4305: 'argumento': truncamiento de 'double' a 'float'
c:\users\pamela\source\repos\cgeihc-proyecto_final-psf\main.cpp(1059): warning C4305: 'argumento': truncamiento de 'double' a 'float'
c:\users\pamela\source\repos\cgeihc-proyecto_final-psf\main.cpp(1060): warning C4305: 'argumento': truncamiento de 'double' a 'float'
c:\users\pamela\source\repos\cgeihc-proyecto_final-psf\main.cpp(1061): warning C4305: 'argumento': truncamiento de 'double' a 'float'
c:\users\pamela\source\repos\cgeihc-proyecto_final-psf\main.cpp(1062): warning C4305: 'argumento': truncamiento de 'double' a 'float'
c:\users\pamela\source\repos\cgeihc-proyecto_final-psf\main.cpp(1063): warning C4305: 'argumento': truncamiento de 'double' a 'float'
c:\users\pamela\source\repos\cgeihc-proyecto_final-psf\main.cpp(1064): warning C4305: 'argumento': truncamiento de 'double' a 'float'
c:\users\pamela\source\repos\cgeihc-proyecto_final-psf\main.cpp(1065): warning C4305: 'argumento': truncamiento de 'double' a 'float'
c:\users\pamela\source\repos\cgeihc-proyecto_final-psf\main.cpp(1066): warning C4305: 'argumento': truncamiento de 'double' a 'float'
c:\users\pamela\source\repos\cgeihc-proyecto_final-psf\main.cpp(1067): warning C4305: 'argumento': truncamiento de 'double' a 'float'
c:\users\pamela\source\repos\cgeihc-proyecto_final-psf\main.cpp(1068): warning C4305: 'argumento': truncamiento de 'double' a 'float'
c:\users\pamela\source\repos\cgeihc-proyecto_final-psf\main.cpp(1069): warning C4305: 'argumento': truncamiento de 'double' a 'float'
c:\users\pamela\source\repos\cgeihc-proyecto_final-psf\main.cpp(1070): warning C4305: 'argumento': truncamiento de 'double' a 'float'
c:\users\pamela\source\repos\cgeihc-proyecto_final-psf\main.cpp(1071): warning C4305: 'argumento': truncamiento de 'double' a 'float'
c:\users\pamela\source\repos\cgeihc-proyecto_final-psf\main.cpp(1072): warning C4305: 'argumento': truncamiento de 'double' a 'float'
c:\users\pamela\source\repos\cgeihc-proyecto_final-psf\main.cpp(1073): warning C4305: 'argumento': truncamiento de 'double' a 'float'
c:\users\pamela\source\repos\cgeihc-proyecto_final-psf\main.cpp(1074): warning C4305: 'argumento': truncamiento de 'double' a 'float'
c:\users\pamela\source\repos\cgeihc-proyecto_final-psf\main.cpp(1075): warning C4305: 'argumento': truncamiento de 'double' a 'float'
c:\users\pamela\source\repos\cgeihc-proyecto_final-psf\main.cpp(1076): warning C4305: 'argumento': truncamiento de 'double' a 'float'
c:\users\pamela\source\repos\cgeihc-proyecto_final-psf\main.cpp(1077): warning C4305: 'argumento': truncamiento de 'double' a 'float'
c:\users\pamela\source\repos\cgeihc-proyecto_final-psf\main.cpp(1078): warning C4305: 'argumento': truncamiento de 'double' a 'float'
c:\users\pamela\source\repos\cgeihc-proyecto_final-psf\main.cpp(1079): warning C4305: 'argumento': truncamiento de 'double' a 'float'
c:\users\pamela\source\repos\cgeihc-proyecto_final-psf\main.cpp(1080): warning C4305: 'argumento': truncamiento de 'double' a 'float'
c:\users\pamela\source\repos\cgeihc-proyecto_final-psf\main.cpp(1081): warning C4305: 'argumento': truncamiento de 'double' a 'float'
c:\users\pamela\source\repos\cgeihc-proyecto_final-psf\main.cpp(1082): warning C4305: 'argumento': truncamiento de 'double' a 'float'
c:\users\pamela\source\repos\cgeihc-proyecto_final-psf\main.cpp(1087): warning C4305: 'argumento': truncamiento de 'double' a 'float'
c:\users\pamela\source\repos\cgeihc-proyecto_final-psf\main.cpp(1088): warning C4305: 'argumento': truncamiento de 'double' a 'float'
c:\users\pamela\source\repos\cgeihc-proyecto_final-psf\main.cpp(1089): warning C4305: 'argumento': truncamiento de 'double' a 'float'
c:\users\pamela\source\repos\cgeihc-proyecto_final-psf\main.cpp(1090): warning C4305: 'argumento': truncamiento de 'double' a 'float'
c:\users\pamela\source\repos\cgeihc-proyecto_final-psf\main.cpp(1091): warning C4305: 'argumento': truncamiento de 'double' a 'float'
c:\users\pamela\source\repos\cgeihc-proyecto_final-psf\main.cpp(1092): warning C4305: 'argumento': truncamiento de 'double' a 'float'
c:\users\pamela\source\repos\cgeihc-proyecto_final-psf\main.cpp(1093): warning C4305: 'argumento': truncamiento de 'double' a 'float'
c:\users\pamela\source\repos\cgeihc-proyecto_final-psf\main.cpp(1094): warning C4305: 'argumento': truncamiento de 'double' a 'float'
c:\users\pamela\source\repos\cgeihc-proyecto_final-psf\main.cpp(1097): warning C4305: 'argumento': truncamiento de 'double' a 'float'
c:\users\pamela\source\repos\cgeihc-proyecto_final-psf\main.cpp(1098): warning C4305: 'argumento': truncamiento de 'double' a 'float'
c:\users\pamela\source\repos\cgeihc-proyecto_final-psf\main.cpp(1099): warning C4305: 'argumento': truncamiento de 'double' a 'float'
c:\users\pamela\source\repos\cgeihc-proyecto_final-psf\main.cpp(1100): warning C4305: 'argumento': truncamiento de 'double' a 'float'
c:\users\pamela\source\repos\cgeihc-proyecto_final-psf\main.cpp(1101): warning C4305: 'argumento': truncamiento de 'double' a 'float'
c:\users\pamela\source\repos\cgeihc-proyecto_final-psf\main.cpp(1102): warning C4305: 'argumento': truncamiento de 'double' a 'float'
c:\users\pamela\source\repos\cgeihc-proyecto_final-psf\main.cpp(1103): warning C4305: 'argumento': truncamiento de 'double' a 'float'
c:\users\pamela\source\repos\cgeihc-proyecto_final-psf\main.cpp(1104): warning C4305: 'argumento': truncamiento de 'double' a 'float'
c:\users\pamela\source\repos\cgeihc-proyecto_final-psf\main.cpp(1106): warning C4305: 'argumento': truncamiento de 'double' a 'float'
c:\users\pamela\source\repos\cgeihc-proyecto_final-psf\main.cpp(1107): warning C4305: 'argumento': truncamiento de 'double' a 'float'
c:\users\pamela\source\repos\cgeihc-proyecto_final-psf\main.cpp(1108): warning C4305: 'argumento': truncamiento de 'double' a 'float'
c:\users\pamela\source\repos\cgeihc-proyecto_final-psf\main.cpp(1109): warning C4305: 'argumento': truncamiento de 'double' a 'float'
c:\users\pamela\source\repos\cgeihc-proyecto_final-psf\main.cpp(1110): warning C4305: 'argumento': truncamiento de 'double' a 'float'
c:\users\pamela\source\repos\cgeihc-proyecto_final-psf\main.cpp(1111): warning C4305: 'argumento': truncamiento de 'double' a 'float'
c:\users\pamela\source\repos\cgeihc-proyecto_final-psf\main.cpp(1112): warning C4305: 'argumento': truncamiento de 'double' a 'float'
c:\users\pamela\source\repos\cgeihc-proyecto_final-psf\main.cpp(1113): warning C4305: 'argumento': truncamiento de 'double' a 'float'
c:\users\pamela\source\repos\cgeihc-proyecto_final-psf\main.cpp(1114): warning C4305: 'argumento': truncamiento de 'double' a 'float'
c:\users\pamela\source\repos\cgeihc-proyecto_final-psf\main.cpp(1115): warning C4305: 'argumento': truncamiento de 'double' a 'float'
c:\users\pamela\source\repos\cgeihc-proyecto_final-psf\main.cpp(1116): warning C4305: 'argumento': truncamiento de 'double' a 'float'
c:\users\pamela\source\repos\cgeihc-proyecto_final-psf\main.cpp(1117): warning C4305: 'argumento': truncamiento de 'double' a 'float'
c:\users\pamela\source\repos\cgeihc-proyecto_final-psf\main.cpp(1118): warning C4305: 'argumento': truncamiento de 'double' a 'float'
c:\users\pamela\source\repos\cgeihc-proyecto_final-psf\main.cpp(1119): warning C4305: 'argumento': truncamiento de 'double' a 'float'
c:\users\pamela\source\repos\cgeihc-proyecto_final-psf\main.cpp(1120): warning C4305: 'argumento': truncamiento de 'double' a 'float'
c:\users\pamela\source\repos\cgeihc-proyecto_final-psf\main.cpp(1121): warning C4305: 'argumento': truncamiento de 'double' a 'float'
c:\users\pamela\source\repos\cgeihc-proyecto_final-psf\main.cpp(1122): warning C4305: 'argumento': truncamiento de 'double' a 'float'
c:\users\pamela\source\repos\cgeihc-proyecto_final-psf\main.cpp(1123): warning C4305: 'argumento': truncamiento de 'double' a 'float'
c:\users\pamela\source\repos\cgeihc-proyecto_final-psf\main.cpp(1124): warning C4305: 'argumento': truncamiento de 'double' a 'float'
c:\users\pamela\source\repos\cgeihc-proyecto_final-psf\main.cpp(1125): warning C4305: 'argumento': truncamiento de 'double' a 'float'
c:\users\pamela\source\repos\cgeihc-proyecto_final-psf\main.cpp(1126): warning C4305: 'argumento': truncamiento de 'double' a 'float'
c:\users\pamela\source\repos\cgeihc-proyecto_final-psf\main.cpp(1146): warning C4305: 'inicializando': truncamiento de 'double' a 'float'
c:\users\pamela\source\repos\cgeihc-proyecto_final-psf\main.cpp(1153): warning C4244: '=': conversión de 'int' a 'float'; posible pérdida de datos
c:\users\pamela\source\repos\cgeihc-proyecto_final-psf\main.cpp(1162): warning C4244: '+=': conversión de 'double' a 'T'; posible pérdida de datos
          with
          [
              T=float
          ]
c:\users\pamela\source\repos\cgeihc-proyecto_final-psf\main.cpp(1163): warning C4244: '-=': conversión de 'double' a 'T'; posible pérdida de datos
          with
          [
              T=float
          ]
c:\users\pamela\source\repos\cgeihc-proyecto_final-psf\main.cpp(1170): warning C4244: '-=': conversión de 'double' a 'T'; posible pérdida de datos
          with
          [
              T=float
          ]
c:\users\pamela\source\repos\cgeihc-proyecto_final-psf\main.cpp(1171): warning C4244: '-=': conversión de 'double' a 'T'; posible pérdida de datos
          with
          [
              T=float
          ]
c:\users\pamela\source\repos\cgeihc-proyecto_final-psf\main.cpp(1207): warning C4244: '-=': conversión de 'double' a 'float'; posible pérdida de datos
c:\users\pamela\source\repos\cgeihc-proyecto_final-psf\main.cpp(1208): warning C4244: '+=': conversión de 'double' a 'float'; posible pérdida de datos
c:\users\pamela\source\repos\cgeihc-proyecto_final-psf\main.cpp(1649): warning C4244: 'argumento': conversión de 'double' a 'GLfloat'; posible pérdida de datos
c:\users\pamela\source\repos\cgeihc-proyecto_final-psf\main.cpp(1807): warning C4244: 'inicializando': conversión de 'double' a 'GLfloat'; posible pérdida de datos
c:\users\pamela\source\repos\cgeihc-proyecto_final-psf\main.cpp(1850): warning C4305: '+=': truncamiento de 'double' a 'GLfloat'
c:\users\pamela\source\repos\cgeihc-proyecto_final-psf\main.cpp(3187): warning C4553: "==": el resultado de la expresión no se usa. ¿Quiso decir "="?
c:\users\pamela\source\repos\cgeihc-proyecto_final-psf\main.cpp(3217): warning C4553: "==": el resultado de la expresión no se usa. ¿Quiso decir "="?
  Generando código
  1 of 1384 functions (<0.1%) were compiled, the rest were copied from previous compilation.
    0 functions were new in current compilation
    0 functions had inline decision re-evaluated but remain unchanged
  Generación de código finalizada
  p3_01.vcxproj -> C:\Users\Pamela\source\repos\CGeIHC-PROYECTO_FINAL-PSF\Release\p3_01.exe
