c:\users\pamela\source\repos\01_proyecto_final_compu\release\vc141.pdb
c:\users\pamela\source\repos\01_proyecto_final_compu\release\window.obj
c:\users\pamela\source\repos\01_proyecto_final_compu\release\texture.obj
c:\users\pamela\source\repos\01_proyecto_final_compu\release\spotlight.obj
c:\users\pamela\source\repos\01_proyecto_final_compu\release\sphere.obj
c:\users\pamela\source\repos\01_proyecto_final_compu\release\skybox.obj
c:\users\pamela\source\repos\01_proyecto_final_compu\release\shader_light.obj
c:\users\pamela\source\repos\01_proyecto_final_compu\release\shader.obj
c:\users\pamela\source\repos\01_proyecto_final_compu\release\pointlight.obj
c:\users\pamela\source\repos\01_proyecto_final_compu\release\model.obj
c:\users\pamela\source\repos\01_proyecto_final_compu\release\mesh_tn.obj
c:\users\pamela\source\repos\01_proyecto_final_compu\release\material.obj
c:\users\pamela\source\repos\01_proyecto_final_compu\release\main.obj
c:\users\pamela\source\repos\01_proyecto_final_compu\release\light.obj
c:\users\pamela\source\repos\01_proyecto_final_compu\release\directionallight.obj
c:\users\pamela\source\repos\01_proyecto_final_compu\release\cylinder.obj
c:\users\pamela\source\repos\01_proyecto_final_compu\release\camera.obj
c:\users\pamela\source\repos\01_proyecto_final_compu\release\p3_01.tlog\cl.command.1.tlog
c:\users\pamela\source\repos\01_proyecto_final_compu\release\p3_01.tlog\cl.read.1.tlog
c:\users\pamela\source\repos\01_proyecto_final_compu\release\p3_01.tlog\cl.write.1.tlog
c:\users\pamela\source\repos\01_proyecto_final_compu\release\p3_01.tlog\link.command.1.tlog
c:\users\pamela\source\repos\01_proyecto_final_compu\release\p3_01.tlog\link.read.1.tlog
c:\users\pamela\source\repos\01_proyecto_final_compu\release\p3_01.tlog\link.write.1.tlog
